[0.107s] DEBUG:colcon:Command line arguments: ['/usr/bin/colcon', 'build']
[0.107s] DEBUG:colcon:Parsed command line arguments: Namespace(log_base=None, log_level=None, verb_name='build', build_base='build', install_base='install', merge_install=False, symlink_install=False, test_result_base=None, continue_on_error=False, executor='parallel', parallel_workers=16, event_handlers=None, ignore_user_meta=False, metas=['./colcon.meta'], base_paths=['.'], packages_ignore=None, packages_ignore_regex=None, paths=None, packages_up_to=None, packages_up_to_regex=None, packages_above=None, packages_above_and_dependencies=None, packages_above_depth=None, packages_select_by_dep=None, packages_skip_by_dep=None, packages_skip_up_to=None, packages_select_build_failed=False, packages_skip_build_finished=False, packages_select_test_failures=False, packages_skip_test_passed=False, packages_select=None, packages_skip=None, packages_select_regex=None, packages_skip_regex=None, packages_start=None, packages_end=None, allow_overriding=[], cmake_args=None, cmake_target=None, cmake_target_skip_unavailable=False, cmake_clean_cache=False, cmake_clean_first=False, cmake_force_configure=False, ament_cmake_args=None, catkin_cmake_args=None, catkin_skip_building_tests=False, mixin_files=None, mixin=None, verb_parser=<colcon_mixin.mixin.mixin_argument.MixinArgumentDecorator object at 0x7fab76ef98a0>, verb_extension=<colcon_core.verb.build.BuildVerb object at 0x7fab7705e860>, main=<bound method BuildVerb.main of <colcon_core.verb.build.BuildVerb object at 0x7fab7705e860>>, mixin_verb=('build',))
[0.269s] Level 1:colcon.colcon_core.package_discovery:discover_packages(colcon_meta) check parameters
[0.269s] Level 1:colcon.colcon_core.package_discovery:discover_packages(recursive) check parameters
[0.270s] Level 1:colcon.colcon_core.package_discovery:discover_packages(ignore) check parameters
[0.270s] Level 1:colcon.colcon_core.package_discovery:discover_packages(path) check parameters
[0.270s] Level 1:colcon.colcon_core.package_discovery:discover_packages(colcon_meta) discover
[0.270s] Level 1:colcon.colcon_core.package_discovery:discover_packages(recursive) discover
[0.270s] INFO:colcon.colcon_core.package_discovery:Crawling recursively for packages in '/home/parthip/ros2_ws/src/number_pubsub'
[0.270s] Level 1:colcon.colcon_core.package_identification:_identify(.) by extensions ['ignore', 'ignore_ament_install']
[0.270s] Level 1:colcon.colcon_core.package_identification:_identify(.) by extension 'ignore'
[0.270s] Level 1:colcon.colcon_core.package_identification:_identify(.) by extension 'ignore_ament_install'
[0.270s] Level 1:colcon.colcon_core.package_identification:_identify(.) by extensions ['colcon_pkg']
[0.270s] Level 1:colcon.colcon_core.package_identification:_identify(.) by extension 'colcon_pkg'
[0.270s] Level 1:colcon.colcon_core.package_identification:_identify(.) by extensions ['colcon_meta']
[0.270s] Level 1:colcon.colcon_core.package_identification:_identify(.) by extension 'colcon_meta'
[0.270s] Level 1:colcon.colcon_core.package_identification:_identify(.) by extensions ['ros']
[0.270s] Level 1:colcon.colcon_core.package_identification:_identify(.) by extension 'ros'
[0.282s] DEBUG:colcon.colcon_core.package_identification:Package '.' with type 'ros.ament_python' and name 'number_pubsub'
[0.282s] Level 1:colcon.colcon_core.package_discovery:discover_packages(recursive) using defaults
[0.283s] Level 1:colcon.colcon_core.package_discovery:discover_packages(ignore) discover
[0.283s] Level 1:colcon.colcon_core.package_discovery:discover_packages(ignore) using defaults
[0.283s] Level 1:colcon.colcon_core.package_discovery:discover_packages(path) discover
[0.283s] Level 1:colcon.colcon_core.package_discovery:discover_packages(path) using defaults
[0.311s] Level 1:colcon.colcon_core.package_discovery:discover_packages(prefix_path) check parameters
[0.311s] Level 1:colcon.colcon_core.package_discovery:discover_packages(prefix_path) discover
[0.313s] DEBUG:colcon.colcon_installed_package_information.package_discovery:Found 1 installed packages in /home/parthip/ros2_ws/install
[0.314s] DEBUG:colcon.colcon_installed_package_information.package_discovery:Found 286 installed packages in /opt/ros/humble
[0.316s] Level 1:colcon.colcon_core.package_discovery:discover_packages(prefix_path) using defaults
[0.352s] Level 5:colcon.colcon_core.verb:set package 'number_pubsub' build argument 'cmake_args' from command line to 'None'
[0.352s] Level 5:colcon.colcon_core.verb:set package 'number_pubsub' build argument 'cmake_target' from command line to 'None'
[0.352s] Level 5:colcon.colcon_core.verb:set package 'number_pubsub' build argument 'cmake_target_skip_unavailable' from command line to 'False'
[0.352s] Level 5:colcon.colcon_core.verb:set package 'number_pubsub' build argument 'cmake_clean_cache' from command line to 'False'
[0.352s] Level 5:colcon.colcon_core.verb:set package 'number_pubsub' build argument 'cmake_clean_first' from command line to 'False'
[0.352s] Level 5:colcon.colcon_core.verb:set package 'number_pubsub' build argument 'cmake_force_configure' from command line to 'False'
[0.352s] Level 5:colcon.colcon_core.verb:set package 'number_pubsub' build argument 'ament_cmake_args' from command line to 'None'
[0.352s] Level 5:colcon.colcon_core.verb:set package 'number_pubsub' build argument 'catkin_cmake_args' from command line to 'None'
[0.352s] Level 5:colcon.colcon_core.verb:set package 'number_pubsub' build argument 'catkin_skip_building_tests' from command line to 'False'
[0.352s] DEBUG:colcon.colcon_core.verb:Building package 'number_pubsub' with the following arguments: {'ament_cmake_args': None, 'build_base': '/home/parthip/ros2_ws/src/number_pubsub/build/number_pubsub', 'catkin_cmake_args': None, 'catkin_skip_building_tests': False, 'cmake_args': None, 'cmake_clean_cache': False, 'cmake_clean_first': False, 'cmake_force_configure': False, 'cmake_target': None, 'cmake_target_skip_unavailable': False, 'install_base': '/home/parthip/ros2_ws/src/number_pubsub/install/number_pubsub', 'merge_install': False, 'path': '/home/parthip/ros2_ws/src/number_pubsub', 'symlink_install': False, 'test_result_base': None}
[0.352s] INFO:colcon.colcon_core.executor:Executing jobs using 'parallel' executor
[0.353s] DEBUG:colcon.colcon_parallel_executor.executor.parallel:run_until_complete
[0.354s] INFO:colcon.colcon_ros.task.ament_python.build:Building ROS package in '/home/parthip/ros2_ws/src/number_pubsub' with build type 'ament_python'
[0.354s] Level 1:colcon.colcon_core.shell:create_environment_hook('number_pubsub', 'ament_prefix_path')
[0.356s] INFO:colcon.colcon_core.plugin_system:Skipping extension 'colcon_core.shell.bat': Not used on non-Windows systems
[0.356s] INFO:colcon.colcon_core.shell:Creating environment hook '/home/parthip/ros2_ws/src/number_pubsub/install/number_pubsub/share/number_pubsub/hook/ament_prefix_path.ps1'
[0.357s] INFO:colcon.colcon_core.shell:Creating environment descriptor '/home/parthip/ros2_ws/src/number_pubsub/install/number_pubsub/share/number_pubsub/hook/ament_prefix_path.dsv'
[0.357s] INFO:colcon.colcon_core.shell:Creating environment hook '/home/parthip/ros2_ws/src/number_pubsub/install/number_pubsub/share/number_pubsub/hook/ament_prefix_path.sh'
[0.358s] INFO:colcon.colcon_core.shell:Skip shell extension 'powershell' for command environment: Not usable outside of PowerShell
[0.358s] DEBUG:colcon.colcon_core.shell:Skip shell extension 'dsv' for command environment
[0.600s] INFO:colcon.colcon_core.task.python.build:Building Python package in '/home/parthip/ros2_ws/src/number_pubsub'
[0.600s] INFO:colcon.colcon_core.shell:Skip shell extension 'powershell' for command environment: Not usable outside of PowerShell
[0.600s] DEBUG:colcon.colcon_core.shell:Skip shell extension 'dsv' for command environment
[0.817s] DEBUG:colcon.colcon_core.event_handler.log_command:Invoking command in '/home/parthip/ros2_ws/src/number_pubsub': PYTHONPATH=/home/parthip/ros2_ws/src/number_pubsub/build/number_pubsub/prefix_override:/usr/lib/python3/dist-packages/colcon_core/task/python/colcon_distutils_commands:/home/parthip/ros2_ws/src/number_pubsub/install/number_pubsub/lib/python3.10/site-packages:${PYTHONPATH} /usr/bin/python3 -W ignore:setup.py install is deprecated -W ignore:easy_install command is deprecated setup.py egg_info --egg-base build/number_pubsub build --build-base /home/parthip/ros2_ws/src/number_pubsub/build/number_pubsub/build install --record /home/parthip/ros2_ws/src/number_pubsub/build/number_pubsub/install.log --single-version-externally-managed install_data
[1.009s] DEBUG:colcon.colcon_core.event_handler.log_command:Invoked command in '/home/parthip/ros2_ws/src/number_pubsub' returned '0': PYTHONPATH=/home/parthip/ros2_ws/src/number_pubsub/build/number_pubsub/prefix_override:/usr/lib/python3/dist-packages/colcon_core/task/python/colcon_distutils_commands:/home/parthip/ros2_ws/src/number_pubsub/install/number_pubsub/lib/python3.10/site-packages:${PYTHONPATH} /usr/bin/python3 -W ignore:setup.py install is deprecated -W ignore:easy_install command is deprecated setup.py egg_info --egg-base build/number_pubsub build --build-base /home/parthip/ros2_ws/src/number_pubsub/build/number_pubsub/build install --record /home/parthip/ros2_ws/src/number_pubsub/build/number_pubsub/install.log --single-version-externally-managed install_data
[1.011s] Level 1:colcon.colcon_core.environment:checking '/home/parthip/ros2_ws/src/number_pubsub/install/number_pubsub' for CMake module files
[1.011s] Level 1:colcon.colcon_core.environment:checking '/home/parthip/ros2_ws/src/number_pubsub/install/number_pubsub' for CMake config files
[1.011s] Level 1:colcon.colcon_core.environment:checking '/home/parthip/ros2_ws/src/number_pubsub/install/number_pubsub/lib'
[1.011s] Level 1:colcon.colcon_core.environment:checking '/home/parthip/ros2_ws/src/number_pubsub/install/number_pubsub/bin'
[1.012s] Level 1:colcon.colcon_core.environment:checking '/home/parthip/ros2_ws/src/number_pubsub/install/number_pubsub/lib/pkgconfig/number_pubsub.pc'
[1.012s] Level 1:colcon.colcon_core.environment:checking '/home/parthip/ros2_ws/src/number_pubsub/install/number_pubsub/lib/python3.10/site-packages'
[1.012s] Level 1:colcon.colcon_core.shell:create_environment_hook('number_pubsub', 'pythonpath')
[1.012s] INFO:colcon.colcon_core.shell:Creating environment hook '/home/parthip/ros2_ws/src/number_pubsub/install/number_pubsub/share/number_pubsub/hook/pythonpath.ps1'
[1.012s] INFO:colcon.colcon_core.shell:Creating environment descriptor '/home/parthip/ros2_ws/src/number_pubsub/install/number_pubsub/share/number_pubsub/hook/pythonpath.dsv'
[1.012s] INFO:colcon.colcon_core.shell:Creating environment hook '/home/parthip/ros2_ws/src/number_pubsub/install/number_pubsub/share/number_pubsub/hook/pythonpath.sh'
[1.013s] Level 1:colcon.colcon_core.environment:checking '/home/parthip/ros2_ws/src/number_pubsub/install/number_pubsub/bin'
[1.013s] Level 1:colcon.colcon_core.environment:create_environment_scripts_only(number_pubsub)
[1.013s] INFO:colcon.colcon_core.shell:Creating package script '/home/parthip/ros2_ws/src/number_pubsub/install/number_pubsub/share/number_pubsub/package.ps1'
[1.013s] INFO:colcon.colcon_core.shell:Creating package descriptor '/home/parthip/ros2_ws/src/number_pubsub/install/number_pubsub/share/number_pubsub/package.dsv'
[1.014s] INFO:colcon.colcon_core.shell:Creating package script '/home/parthip/ros2_ws/src/number_pubsub/install/number_pubsub/share/number_pubsub/package.sh'
[1.014s] INFO:colcon.colcon_core.shell:Creating package script '/home/parthip/ros2_ws/src/number_pubsub/install/number_pubsub/share/number_pubsub/package.bash'
[1.015s] INFO:colcon.colcon_core.shell:Creating package script '/home/parthip/ros2_ws/src/number_pubsub/install/number_pubsub/share/number_pubsub/package.zsh'
[1.015s] Level 1:colcon.colcon_core.environment:create_file_with_runtime_dependencies(/home/parthip/ros2_ws/src/number_pubsub/install/number_pubsub/share/colcon-core/packages/number_pubsub)
[1.015s] DEBUG:colcon.colcon_parallel_executor.executor.parallel:closing loop
[1.015s] DEBUG:colcon.colcon_parallel_executor.executor.parallel:loop closed
[1.015s] DEBUG:colcon.colcon_parallel_executor.executor.parallel:run_until_complete finished with '0'
[1.015s] DEBUG:colcon.colcon_core.event_reactor:joining thread
[1.019s] INFO:colcon.colcon_core.plugin_system:Skipping extension 'colcon_notification.desktop_notification.terminal_notifier': Not used on non-Darwin systems
[1.020s] INFO:colcon.colcon_core.plugin_system:Skipping extension 'colcon_notification.desktop_notification.win32': Not used on non-Windows systems
[1.020s] INFO:colcon.colcon_notification.desktop_notification:Sending desktop notification using 'notify2'
[1.029s] DEBUG:colcon.colcon_core.event_reactor:joined thread
[1.030s] INFO:colcon.colcon_core.shell:Creating prefix script '/home/parthip/ros2_ws/src/number_pubsub/install/local_setup.ps1'
[1.030s] INFO:colcon.colcon_core.shell:Creating prefix util module '/home/parthip/ros2_ws/src/number_pubsub/install/_local_setup_util_ps1.py'
[1.031s] INFO:colcon.colcon_core.shell:Creating prefix chain script '/home/parthip/ros2_ws/src/number_pubsub/install/setup.ps1'
[1.032s] INFO:colcon.colcon_core.shell:Creating prefix script '/home/parthip/ros2_ws/src/number_pubsub/install/local_setup.sh'
[1.033s] INFO:colcon.colcon_core.shell:Creating prefix util module '/home/parthip/ros2_ws/src/number_pubsub/install/_local_setup_util_sh.py'
[1.033s] INFO:colcon.colcon_core.shell:Creating prefix chain script '/home/parthip/ros2_ws/src/number_pubsub/install/setup.sh'
[1.034s] INFO:colcon.colcon_core.shell:Creating prefix script '/home/parthip/ros2_ws/src/number_pubsub/install/local_setup.bash'
[1.034s] INFO:colcon.colcon_core.shell:Creating prefix chain script '/home/parthip/ros2_ws/src/number_pubsub/install/setup.bash'
[1.035s] INFO:colcon.colcon_core.shell:Creating prefix script '/home/parthip/ros2_ws/src/number_pubsub/install/local_setup.zsh'
[1.035s] INFO:colcon.colcon_core.shell:Creating prefix chain script '/home/parthip/ros2_ws/src/number_pubsub/install/setup.zsh'
