running egg_info
writing build/number_pubsub/number_pubsub.egg-info/PKG-INFO
writing dependency_links to build/number_pubsub/number_pubsub.egg-info/dependency_links.txt
writing entry points to build/number_pubsub/number_pubsub.egg-info/entry_points.txt
writing requirements to build/number_pubsub/number_pubsub.egg-info/requires.txt
writing top-level names to build/number_pubsub/number_pubsub.egg-info/top_level.txt
reading manifest file 'build/number_pubsub/number_pubsub.egg-info/SOURCES.txt'
writing manifest file 'build/number_pubsub/number_pubsub.egg-info/SOURCES.txt'
running build
running build_py
running install
running install_lib
running install_data
running install_egg_info
removing '/home/parthip/ros2_ws/src/number_pubsub/install/number_pubsub/lib/python3.10/site-packages/number_pubsub-0.0.0-py3.10.egg-info' (and everything under it)
Copying build/number_pubsub/number_pubsub.egg-info to /home/parthip/ros2_ws/src/number_pubsub/install/number_pubsub/lib/python3.10/site-packages/number_pubsub-0.0.0-py3.10.egg-info
running install_scripts
Installing even_odd_subscriber script to /home/parthip/ros2_ws/src/number_pubsub/install/number_pubsub/lib/number_pubsub
Installing random_publisher script to /home/parthip/ros2_ws/src/number_pubsub/install/number_pubsub/lib/number_pubsub
writing list of installed files to '/home/parthip/ros2_ws/src/number_pubsub/build/number_pubsub/install.log'
