[0.486s] Invoking command in '/home/parthip/ros2_ws/src/number_pubsub': PYTHONPATH=/home/parthip/ros2_ws/src/number_pubsub/build/number_pubsub/prefix_override:/usr/lib/python3/dist-packages/colcon_core/task/python/colcon_distutils_commands:/home/parthip/ros2_ws/src/number_pubsub/install/number_pubsub/lib/python3.10/site-packages:${PYTHONPATH} /usr/bin/python3 -W ignore:setup.py install is deprecated -W ignore:easy_install command is deprecated setup.py egg_info --egg-base build/number_pubsub build --build-base /home/parthip/ros2_ws/src/number_pubsub/build/number_pubsub/build install --record /home/parthip/ros2_ws/src/number_pubsub/build/number_pubsub/install.log --single-version-externally-managed install_data
[0.639s] running egg_info
[0.639s] writing build/number_pubsub/number_pubsub.egg-info/PKG-INFO
[0.639s] writing dependency_links to build/number_pubsub/number_pubsub.egg-info/dependency_links.txt
[0.640s] writing entry points to build/number_pubsub/number_pubsub.egg-info/entry_points.txt
[0.640s] writing requirements to build/number_pubsub/number_pubsub.egg-info/requires.txt
[0.640s] writing top-level names to build/number_pubsub/number_pubsub.egg-info/top_level.txt
[0.640s] reading manifest file 'build/number_pubsub/number_pubsub.egg-info/SOURCES.txt'
[0.641s] writing manifest file 'build/number_pubsub/number_pubsub.egg-info/SOURCES.txt'
[0.641s] running build
[0.641s] running build_py
[0.641s] running install
[0.642s] running install_lib
[0.642s] running install_data
[0.643s] running install_egg_info
[0.644s] removing '/home/parthip/ros2_ws/src/number_pubsub/install/number_pubsub/lib/python3.10/site-packages/number_pubsub-0.0.0-py3.10.egg-info' (and everything under it)
[0.644s] Copying build/number_pubsub/number_pubsub.egg-info to /home/parthip/ros2_ws/src/number_pubsub/install/number_pubsub/lib/python3.10/site-packages/number_pubsub-0.0.0-py3.10.egg-info
[0.644s] running install_scripts
[0.658s] Installing even_odd_subscriber script to /home/parthip/ros2_ws/src/number_pubsub/install/number_pubsub/lib/number_pubsub
[0.658s] Installing random_publisher script to /home/parthip/ros2_ws/src/number_pubsub/install/number_pubsub/lib/number_pubsub
[0.658s] writing list of installed files to '/home/parthip/ros2_ws/src/number_pubsub/build/number_pubsub/install.log'
[0.676s] Invoked command in '/home/parthip/ros2_ws/src/number_pubsub' returned '0': PYTHONPATH=/home/parthip/ros2_ws/src/number_pubsub/build/number_pubsub/prefix_override:/usr/lib/python3/dist-packages/colcon_core/task/python/colcon_distutils_commands:/home/parthip/ros2_ws/src/number_pubsub/install/number_pubsub/lib/python3.10/site-packages:${PYTHONPATH} /usr/bin/python3 -W ignore:setup.py install is deprecated -W ignore:easy_install command is deprecated setup.py egg_info --egg-base build/number_pubsub build --build-base /home/parthip/ros2_ws/src/number_pubsub/build/number_pubsub/build install --record /home/parthip/ros2_ws/src/number_pubsub/build/number_pubsub/install.log --single-version-externally-managed install_data
