running egg_info
creating build/number_pubsub/number_pubsub.egg-info
writing build/number_pubsub/number_pubsub.egg-info/PKG-INFO
writing dependency_links to build/number_pubsub/number_pubsub.egg-info/dependency_links.txt
writing entry points to build/number_pubsub/number_pubsub.egg-info/entry_points.txt
writing requirements to build/number_pubsub/number_pubsub.egg-info/requires.txt
writing top-level names to build/number_pubsub/number_pubsub.egg-info/top_level.txt
writing manifest file 'build/number_pubsub/number_pubsub.egg-info/SOURCES.txt'
reading manifest file 'build/number_pubsub/number_pubsub.egg-info/SOURCES.txt'
writing manifest file 'build/number_pubsub/number_pubsub.egg-info/SOURCES.txt'
running build
running build_py
creating /home/parthip/ros2_ws/src/number_pubsub/build/number_pubsub/build
creating /home/parthip/ros2_ws/src/number_pubsub/build/number_pubsub/build/lib
creating /home/parthip/ros2_ws/src/number_pubsub/build/number_pubsub/build/lib/number_pubsub
copying number_pubsub/even_odd_subscriber.py -> /home/parthip/ros2_ws/src/number_pubsub/build/number_pubsub/build/lib/number_pubsub
copying number_pubsub/random_number_publisher.py -> /home/parthip/ros2_ws/src/number_pubsub/build/number_pubsub/build/lib/number_pubsub
copying number_pubsub/__init__.py -> /home/parthip/ros2_ws/src/number_pubsub/build/number_pubsub/build/lib/number_pubsub
running install
running install_lib
creating /home/parthip/ros2_ws/src/number_pubsub/install/number_pubsub/lib/python3.10/site-packages/number_pubsub
copying /home/parthip/ros2_ws/src/number_pubsub/build/number_pubsub/build/lib/number_pubsub/even_odd_subscriber.py -> /home/parthip/ros2_ws/src/number_pubsub/install/number_pubsub/lib/python3.10/site-packages/number_pubsub
copying /home/parthip/ros2_ws/src/number_pubsub/build/number_pubsub/build/lib/number_pubsub/random_number_publisher.py -> /home/parthip/ros2_ws/src/number_pubsub/install/number_pubsub/lib/python3.10/site-packages/number_pubsub
copying /home/parthip/ros2_ws/src/number_pubsub/build/number_pubsub/build/lib/number_pubsub/__init__.py -> /home/parthip/ros2_ws/src/number_pubsub/install/number_pubsub/lib/python3.10/site-packages/number_pubsub
byte-compiling /home/parthip/ros2_ws/src/number_pubsub/install/number_pubsub/lib/python3.10/site-packages/number_pubsub/even_odd_subscriber.py to even_odd_subscriber.cpython-310.pyc
byte-compiling /home/parthip/ros2_ws/src/number_pubsub/install/number_pubsub/lib/python3.10/site-packages/number_pubsub/random_number_publisher.py to random_number_publisher.cpython-310.pyc
byte-compiling /home/parthip/ros2_ws/src/number_pubsub/install/number_pubsub/lib/python3.10/site-packages/number_pubsub/__init__.py to __init__.cpython-310.pyc
running install_data
creating /home/parthip/ros2_ws/src/number_pubsub/install/number_pubsub/share/ament_index
creating /home/parthip/ros2_ws/src/number_pubsub/install/number_pubsub/share/ament_index/resource_index
creating /home/parthip/ros2_ws/src/number_pubsub/install/number_pubsub/share/ament_index/resource_index/packages
copying resource/number_pubsub -> /home/parthip/ros2_ws/src/number_pubsub/install/number_pubsub/share/ament_index/resource_index/packages
copying package.xml -> /home/parthip/ros2_ws/src/number_pubsub/install/number_pubsub/share/number_pubsub
running install_egg_info
Copying build/number_pubsub/number_pubsub.egg-info to /home/parthip/ros2_ws/src/number_pubsub/install/number_pubsub/lib/python3.10/site-packages/number_pubsub-0.0.0-py3.10.egg-info
running install_scripts
Installing even_odd_subscriber script to /home/parthip/ros2_ws/src/number_pubsub/install/number_pubsub/lib/number_pubsub
Installing random_publisher script to /home/parthip/ros2_ws/src/number_pubsub/install/number_pubsub/lib/number_pubsub
writing list of installed files to '/home/parthip/ros2_ws/src/number_pubsub/build/number_pubsub/install.log'
